42557137
92420532
58895851
79178282
71551585
48826243
28065883
70096033
40839532
16010136
54719808
60195105
54871315
47820988
80344144
112543839
64830235
72996389
77820851
59237180
55019498
49022642
67548225
82651061
54170388
68465112
42278531
28872076
39543649
43296785
25742799
64259223
22151625
53957654
44714952
105852211
64752805
77416295
52223139
31668688
36323101
32285855
47107654
43235020
54239287
62266231
42868602
30976370
65033496
22376382
91476230
55474625
27855769
52614836
27369490
59787663
83855376
26656875
41856718
46811619
24551462
45554411
24170095
34530084
23735862
37725840
52764540
34447106
74898530
62267675
38705087
48393732
38352073
33589279
42780201
48558202
75736687
27549284
35040073
35535108
35821519
78159436
90701540
45420378
51231893
94763439
60752493
16579230
67560768
47039113
62174199
42884542
48017551
28331440
15036970
109111823
24821370
47204038
53165007
32318065
